生成启动时间为 2020/6/1 20:32:56。
     1>项目“F:\Code\test0601\test0601\test0601.vcxproj”在节点 2 上(Build 个目标)。
     1>ClCompile:
         E:\Program Files (x86)\Microsoft Visual Studio 12.0\VC\bin\CL.exe /c /ZI /nologo /W3 /WX- /sdl /Od /Oy- /D _MBCS /Gm /EHsc /RTC1 /MDd /GS /fp:precise /Zc:wchar_t /Zc:forScope /Fo"Debug\\" /Fd"Debug\vc120.pdb" /Gd /TC /analyze- /errorReport:prompt test.c
         test.c
     1>f:\code\test0601\test0601\test.c(16): error C2065: “NULL”: 未声明的标识符
     1>f:\code\test0601\test0601\test.c(16): warning C4047: “==”:“int”与“ListNode *”的间接级别不同
     1>f:\code\test0601\test0601\test.c(16): error C2065: “NULl”: 未声明的标识符
     1>f:\code\test0601\test0601\test.c(16): error C2059: 语法错误:“)”
     1>已完成生成项目“F:\Code\test0601\test0601\test0601.vcxproj”(Build 个目标)的操作 - 失败。

生成失败。

已用时间 00:00:05.45
